[debug] [2023-06-04T07:59:30.752Z] ----------------------------------------------------------------------
[debug] [2023-06-04T07:59:30.754Z] Command:       C:\Program Files\nodejs\node.exe C:\Users\Shivendra\AppData\Roaming\npm\node_modules\firebase-tools\lib\bin\firebase.js init
[debug] [2023-06-04T07:59:30.755Z] CLI Version:   10.1.0
[debug] [2023-06-04T07:59:30.755Z] Platform:      win32
[debug] [2023-06-04T07:59:30.755Z] Node Version:  v14.17.6
[debug] [2023-06-04T07:59:30.756Z] Time:          Sun Jun 04 2023 13:29:30 GMT+0530 (India Standard Time)
[debug] [2023-06-04T07:59:30.756Z] ----------------------------------------------------------------------
[debug] 
[debug] [2023-06-04T07:59:30.825Z] > command requires scopes: ["email","openid","https://www.googleapis.com/auth/cloudplatformprojects.readonly","https://www.googleapis.com/auth/firebase","https://www.googleapis.com/auth/cloud-platform"]
[debug] [2023-06-04T07:59:30.825Z] > authorizing via signed-in user (shivendrawagh@gmail.com)
[info] 
     ######## #### ########  ######## ########     ###     ######  ########
     ##        ##  ##     ## ##       ##     ##  ##   ##  ##       ##
     ######    ##  ########  ######   ########  #########  ######  ######
     ##        ##  ##    ##  ##       ##     ## ##     ##       ## ##
     ##       #### ##     ## ######## ########  ##     ##  ######  ########

You're about to initialize a Firebase project in this directory:

  E:\All Programming\react\discord\discord-clone

Before we get started, keep in mind:

  * You are initializing within an existing Firebase project directory

[info] 
=== Project Setup
[info] 
[info] First, let's associate this project directory with a Firebase project.
[info] You can create multiple project aliases by running firebase use --add, 
[info] but for now we'll just set up a default project.
[info] 
[debug] [2023-06-04T08:00:00.273Z] Using project from CLI flag: discord-clone-958ed
[debug] [2023-06-04T08:00:00.280Z] > refreshing access token with scopes: []
[debug] [2023-06-04T08:00:00.283Z] >>> HTTP REQUEST POST https://www.googleapis.com/oauth2/v3/token  
 <request body omitted>
[debug] [2023-06-04T08:00:00.540Z] <<< HTTP RESPONSE 400 {"expires":"Mon, 01 Jan 1990 00:00:00 GMT","date":"Sun, 04 Jun 2023 08:00:14 GMT","pragma":"no-cache","cache-control":"no-cache, no-store, max-age=0, must-revalidate","content-type":"application/json; charset=utf-8","vary":"X-Origin, Referer, Origin,Accept-Encoding","server":"scaffolding on HTTPServer2","x-xss-protection":"0","x-frame-options":"SAMEORIGIN","x-content-type-options":"nosniff","alt-svc":"h3=\":443\"; ma=2592000,h3-29=\":443\"; ma=2592000","accept-ranges":"none","transfer-encoding":"chunked"}
[debug] [2023-06-04T08:00:00.543Z] >>> [apiv2][query] GET https://firebase.googleapis.com/v1beta1/projects/discord-clone-958ed [none]
[debug] [2023-06-04T08:00:00.998Z] <<< [apiv2][status] GET https://firebase.googleapis.com/v1beta1/projects/discord-clone-958ed 401
[debug] [2023-06-04T08:00:00.999Z] <<< [apiv2][body] GET https://firebase.googleapis.com/v1beta1/projects/discord-clone-958ed {"error":{"code":401,"message":"Request had invalid authentication credentials. Expected OAuth 2 access token, login cookie or other valid authentication credential. See https://developers.google.com/identity/sign-in/web/devconsole-project.","status":"UNAUTHENTICATED"}}
[debug] [2023-06-04T08:00:00.999Z] HTTP Error: 401, Request had invalid authentication credentials. Expected OAuth 2 access token, login cookie or other valid authentication credential. See https://developers.google.com/identity/sign-in/web/devconsole-project.
[debug] [2023-06-04T08:00:01.182Z] FirebaseError: HTTP Error: 401, Request had invalid authentication credentials. Expected OAuth 2 access token, login cookie or other valid authentication credential. See https://developers.google.com/identity/sign-in/web/devconsole-project.
    at module.exports (C:\Users\Shivendra\AppData\Roaming\npm\node_modules\firebase-tools\lib\responseToError.js:38:12)
    at Client.doRequest (C:\Users\Shivendra\AppData\Roaming\npm\node_modules\firebase-tools\lib\apiv2.js:241:23)
    at processTicksAndRejections (internal/process/task_queues.js:95:5)
    at async Client.request (C:\Users\Shivendra\AppData\Roaming\npm\node_modules\firebase-tools\lib\apiv2.js:96:20)
    at async getFirebaseProject (C:\Users\Shivendra\AppData\Roaming\npm\node_modules\firebase-tools\lib\management\projects.js:290:21)
    at async Object.doSetup [as project] (C:\Users\Shivendra\AppData\Roaming\npm\node_modules\firebase-tools\lib\init\features\project.js:85:27)
    at async init (C:\Users\Shivendra\AppData\Roaming\npm\node_modules\firebase-tools\lib\init\index.js:19:9)
[error] 
[error] Error: Failed to get Firebase project discord-clone-958ed. Please make sure the project exists and your account has permission to access it.
[debug] [2023-06-04T08:04:01.705Z] ----------------------------------------------------------------------
[debug] [2023-06-04T08:04:01.707Z] Command:       C:\Program Files\nodejs\node.exe C:\Users\Shivendra\AppData\Roaming\npm\node_modules\firebase-tools\lib\bin\firebase.js init
[debug] [2023-06-04T08:04:01.707Z] CLI Version:   10.1.0
[debug] [2023-06-04T08:04:01.708Z] Platform:      win32
[debug] [2023-06-04T08:04:01.708Z] Node Version:  v14.17.6
[debug] [2023-06-04T08:04:01.709Z] Time:          Sun Jun 04 2023 13:34:01 GMT+0530 (India Standard Time)
[debug] [2023-06-04T08:04:01.709Z] ----------------------------------------------------------------------
[debug] 
[debug] [2023-06-04T08:04:01.790Z] > command requires scopes: ["email","openid","https://www.googleapis.com/auth/cloudplatformprojects.readonly","https://www.googleapis.com/auth/firebase","https://www.googleapis.com/auth/cloud-platform"]
[debug] [2023-06-04T08:04:01.790Z] > authorizing via signed-in user (shivendrawagh@gmail.com)
[info] 
     ######## #### ########  ######## ########     ###     ######  ########
     ##        ##  ##     ## ##       ##     ##  ##   ##  ##       ##
     ######    ##  ########  ######   ########  #########  ######  ######
     ##        ##  ##    ##  ##       ##     ## ##     ##       ## ##
     ##       #### ##     ## ######## ########  ##     ##  ######  ########

You're about to initialize a Firebase project in this directory:

  E:\All Programming\react\discord\discord-clone

Before we get started, keep in mind:

  * You are initializing within an existing Firebase project directory

[info] 
=== Project Setup
[info] 
[info] First, let's associate this project directory with a Firebase project.
[info] You can create multiple project aliases by running firebase use --add, 
[info] but for now we'll just set up a default project.
[info] 
[debug] [2023-06-04T08:04:09.259Z] Using project from CLI flag: discord-clone-958ed
[debug] [2023-06-04T08:04:09.263Z] > refreshing access token with scopes: []
[debug] [2023-06-04T08:04:09.264Z] >>> HTTP REQUEST POST https://www.googleapis.com/oauth2/v3/token  
 <request body omitted>
[debug] [2023-06-04T08:04:09.526Z] <<< HTTP RESPONSE 400 {"expires":"Mon, 01 Jan 1990 00:00:00 GMT","pragma":"no-cache","cache-control":"no-cache, no-store, max-age=0, must-revalidate","date":"Sun, 04 Jun 2023 08:04:23 GMT","content-type":"application/json; charset=utf-8","vary":"X-Origin, Referer, Origin,Accept-Encoding","server":"scaffolding on HTTPServer2","x-xss-protection":"0","x-frame-options":"SAMEORIGIN","x-content-type-options":"nosniff","alt-svc":"h3=\":443\"; ma=2592000,h3-29=\":443\"; ma=2592000","accept-ranges":"none","transfer-encoding":"chunked"}
[debug] [2023-06-04T08:04:09.528Z] >>> [apiv2][query] GET https://firebase.googleapis.com/v1beta1/projects/discord-clone-958ed [none]
[debug] [2023-06-04T08:04:09.814Z] <<< [apiv2][status] GET https://firebase.googleapis.com/v1beta1/projects/discord-clone-958ed 401
[debug] [2023-06-04T08:04:09.815Z] <<< [apiv2][body] GET https://firebase.googleapis.com/v1beta1/projects/discord-clone-958ed {"error":{"code":401,"message":"Request had invalid authentication credentials. Expected OAuth 2 access token, login cookie or other valid authentication credential. See https://developers.google.com/identity/sign-in/web/devconsole-project.","status":"UNAUTHENTICATED"}}
[debug] [2023-06-04T08:04:09.815Z] HTTP Error: 401, Request had invalid authentication credentials. Expected OAuth 2 access token, login cookie or other valid authentication credential. See https://developers.google.com/identity/sign-in/web/devconsole-project.
[debug] [2023-06-04T08:04:09.997Z] FirebaseError: HTTP Error: 401, Request had invalid authentication credentials. Expected OAuth 2 access token, login cookie or other valid authentication credential. See https://developers.google.com/identity/sign-in/web/devconsole-project.
    at module.exports (C:\Users\Shivendra\AppData\Roaming\npm\node_modules\firebase-tools\lib\responseToError.js:38:12)
    at Client.doRequest (C:\Users\Shivendra\AppData\Roaming\npm\node_modules\firebase-tools\lib\apiv2.js:241:23)
    at processTicksAndRejections (internal/process/task_queues.js:95:5)
    at async Client.request (C:\Users\Shivendra\AppData\Roaming\npm\node_modules\firebase-tools\lib\apiv2.js:96:20)
    at async getFirebaseProject (C:\Users\Shivendra\AppData\Roaming\npm\node_modules\firebase-tools\lib\management\projects.js:290:21)
    at async Object.doSetup [as project] (C:\Users\Shivendra\AppData\Roaming\npm\node_modules\firebase-tools\lib\init\features\project.js:85:27)
    at async init (C:\Users\Shivendra\AppData\Roaming\npm\node_modules\firebase-tools\lib\init\index.js:19:9)
[error] 
[error] Error: Failed to get Firebase project discord-clone-958ed. Please make sure the project exists and your account has permission to access it.
